<?xml version="1.0" encoding="UTF-8"?>
<testng-results skipped="0" failed="0" ignored="0" total="1" passed="1">
  <reporter-output>
  </reporter-output>
  <suite name="Default suite" duration-ms="9444" started-at="2020-10-27T13:14:40Z" finished-at="2020-10-27T13:14:50Z">
    <groups>
    </groups>
    <test name="Default test" duration-ms="9444" started-at="2020-10-27T13:14:40Z" finished-at="2020-10-27T13:14:50Z">
      <class name="com.testcases.FirstTest">
        <test-method status="PASS" signature="launchBrowser()[pri:0, instance:com.testcases.FirstTest@63a65a25]" name="launchBrowser" duration-ms="9387" started-at="2020-10-27T13:14:40Z" finished-at="2020-10-27T13:14:50Z">
          <reporter-output>
          </reporter-output>
        </test-method> <!-- launchBrowser -->
      </class> <!-- com.testcases.FirstTest -->
    </test> <!-- Default test -->
  </suite> <!-- Default suite -->
</testng-results>
