<?xml version="1.0" encoding="UTF-8"?>
<testng-results skipped="0" failed="0" ignored="0" total="1" passed="1">
  <reporter-output>
  </reporter-output>
  <suite name="com.testcases.FirstTest" duration-ms="12400" started-at="2020-10-27T13:12:18Z" finished-at="2020-10-27T13:12:31Z">
    <groups>
    </groups>
    <test name="Command line test" duration-ms="12400" started-at="2020-10-27T13:12:18Z" finished-at="2020-10-27T13:12:31Z">
      <class name="com.testcases.FirstTest">
        <test-method status="PASS" signature="launchBrowser()[pri:0, instance:com.testcases.FirstTest@96532d6]" name="launchBrowser" duration-ms="12354" started-at="2020-10-27T13:12:18Z" finished-at="2020-10-27T13:12:31Z">
          <reporter-output>
          </reporter-output>
        </test-method> <!-- launchBrowser -->
      </class> <!-- com.testcases.FirstTest -->
    </test> <!-- Command line test -->
  </suite> <!-- com.testcases.FirstTest -->
</testng-results>
